<?xml version="1.0" encoding="UTF-8"?>
<testng-results skipped="0" failed="0" total="1" passed="1">
  <reporter-output>
  </reporter-output>
  <suite name="Suite" duration-ms="33187" started-at="2019-03-26T10:38:28Z" finished-at="2019-03-26T10:39:01Z">
    <groups>
      <group name="cucumber">
        <method signature="cucumber.api.testng.AbstractTestNGCucumberTests.feature(cucumber.api.testng.CucumberFeatureWrapper)" name="feature" class="cucumber.api.testng.AbstractTestNGCucumberTests"/>
      </group>
    </groups>
    <test name="validating user login" duration-ms="33187" started-at="2019-03-26T10:38:28Z" finished-at="2019-03-26T10:39:01Z">
      <class name="cucumberOptions.TestRunner">
        <test-method status="PASS" signature="setUpClass()" name="setUpClass" is-config="true" duration-ms="317" started-at="2019-03-26T10:38:28Z" finished-at="2019-03-26T10:38:28Z">
        </test-method>
        <test-method status="PASS" signature="feature(cucumber.api.testng.CucumberFeatureWrapper)" name="feature" duration-ms="32735" started-at="2019-03-26T10:38:29Z" description="Runs Cucumber Feature" finished-at="2019-03-26T10:39:01Z">
          <params>
            <param index="0">
              <value>
                <![CDATA[Login into Application]]>
              </value>
            </param>
          </params>
        </test-method>
        <test-method status="PASS" signature="tearDownClass()" name="tearDownClass" is-config="true" duration-ms="6" started-at="2019-03-26T10:39:01Z" finished-at="2019-03-26T10:39:01Z">
        </test-method>
      </class>
    </test>
  </suite>
</testng-results>
