<?xml version="1.0" encoding="UTF-8"?>
<testng-results skipped="0" failed="0" ignored="0" total="1" passed="1">
  <reporter-output>
  </reporter-output>
  <suite name="Suite" duration-ms="35402" started-at="2019-03-26T15:30:44Z" finished-at="2019-03-26T15:31:20Z">
    <groups>
      <group name="cucumber">
        <method signature="AbstractTestNGCucumberTests.feature(cucumber.api.testng.CucumberFeatureWrapper)[pri:0, instance:cucumberOptions.TestRunner@18eed359]" name="feature" class="cucumber.api.testng.AbstractTestNGCucumberTests"/>
      </group> <!-- cucumber -->
    </groups>
    <test name="validating user login" duration-ms="35402" started-at="2019-03-26T15:30:44Z" finished-at="2019-03-26T15:31:20Z">
      <class name="cucumberOptions.TestRunner">
        <test-method status="PASS" signature="setUpClass()[pri:0, instance:cucumberOptions.TestRunner@18eed359]" name="setUpClass" is-config="true" duration-ms="216" started-at="2019-03-26T15:30:44Z" finished-at="2019-03-26T15:30:45Z">
          <reporter-output>
          </reporter-output>
        </test-method> <!-- setUpClass -->
        <test-method status="PASS" signature="feature(cucumber.api.testng.CucumberFeatureWrapper)[pri:0, instance:cucumberOptions.TestRunner@18eed359]" name="feature" duration-ms="35096" started-at="2019-03-26T15:30:45Z" description="Runs Cucumber Feature" data-provider="features" finished-at="2019-03-26T15:31:20Z">
          <params>
            <param index="0">
              <value>
                <![CDATA[Login into Application]]>
              </value>
            </param>
          </params>
          <reporter-output>
          </reporter-output>
        </test-method> <!-- feature -->
        <test-method status="PASS" signature="tearDownClass()[pri:0, instance:cucumberOptions.TestRunner@18eed359]" name="tearDownClass" is-config="true" duration-ms="4" started-at="2019-03-26T15:31:20Z" finished-at="2019-03-26T15:31:20Z">
          <reporter-output>
          </reporter-output>
        </test-method> <!-- tearDownClass -->
      </class> <!-- cucumberOptions.TestRunner -->
    </test> <!-- validating user login -->
  </suite> <!-- Suite -->
</testng-results>
